<?xml version="1.0" encoding="UTF-8" ?>
<testsuite errors="0" failures="0" hostname="01HW439653" name="com.test.FlyingTest" skipped="0" tests="1" time="0.052" timestamp="2016-05-08T06:53:57">
  <properties>
    <property name="java.vendor" value="Oracle Corporation" />
    <property name="sun.java.launcher" value="SUN_STANDARD" />
    <property name="eclipse.pdebuild.templates" value="/D:/Softwares/eclipse/plugins/org.eclipse.pde.build_3.9.0.v20140415-2029/templates/" />
    <property name="sun.management.compiler" value="HotSpot Client Compiler" />
    <property name="os.name" value="Windows 7" />
    <property name="sun.boot.class.path" value="D:\Softwares\jdk1.7.0_45\jre\lib\resources.jar;D:\Softwares\jdk1.7.0_45\jre\lib\rt.jar;D:\Softwares\jdk1.7.0_45\jre\lib\sunrsasign.jar;D:\Softwares\jdk1.7.0_45\jre\lib\jsse.jar;D:\Softwares\jdk1.7.0_45\jre\lib\jce.jar;D:\Softwares\jdk1.7.0_45\jre\lib\charsets.jar;D:\Softwares\jdk1.7.0_45\jre\lib\jfr.jar;D:\Softwares\jdk1.7.0_45\jre\classes" />
    <property name="sun.desktop" value="windows" />
    <property name="java.vm.specification.vendor" value="Oracle Corporation" />
    <property name="ant.home" value="D:\Softwares\eclipse\plugins\org.apache.ant_1.9.2.v201404171502" />
    <property name="java.runtime.version" value="1.7.0_45-b18" />
    <property name="user.name" value="342749" />
    <property name="build.dir" value="D:\MyWorkSpaces\GitWS\GitProject\bin" />
    <property name="user.language" value="en" />
    <property name="test.report.dir" value="D:\MyWorkSpaces\GitWS\GitProject\testreport" />
    <property name="sun.boot.library.path" value="D:\Softwares\jdk1.7.0_45\jre\bin" />
    <property name="ant.project.default-target" value="main" />
    <property name="ant.project.name" value="TestAnt" />
    <property name="java.version" value="1.7.0_45" />
    <property name="user.timezone" value="" />
    <property name="sun.arch.data.model" value="32" />
    <property name="java.endorsed.dirs" value="D:\Softwares\jdk1.7.0_45\jre\lib\endorsed" />
    <property name="sun.cpu.isalist" value="pentium_pro+mmx pentium_pro pentium+mmx pentium i486 i386 i86" />
    <property name="sun.jnu.encoding" value="Cp1252" />
    <property name="file.encoding.pkg" value="sun.io" />
    <property name="file.separator" value="\" />
    <property name="java.specification.name" value="Java Platform API Specification" />
    <property name="java.class.version" value="51.0" />
    <property name="user.country" value="US" />
    <property name="java.home" value="D:\Softwares\jdk1.7.0_45\jre" />
    <property name="java.vm.info" value="mixed mode" />
    <property name="ant.file" value="D:\MyWorkSpaces\GitWS\GitProject\build.xml" />
    <property name="os.version" value="6.1" />
    <property name="path.separator" value=";" />
    <property name="java.vm.version" value="24.45-b08" />
    <property name="user.variant" value="" />
    <property name="ant.library.dir" value="D:\Softwares\eclipse\plugins\org.apache.ant_1.9.2.v201404171502\lib" />
    <property name="java.awt.printerjob" value="sun.awt.windows.WPrinterJob" />
    <property name="sun.io.unicode.encoding" value="UnicodeLittle" />
    <property name="awt.toolkit" value="sun.awt.windows.WToolkit" />
    <property name="user.script" value="" />
    <property name="eclipse.pdebuild.scripts" value="/D:/Softwares/eclipse/plugins/org.eclipse.pde.build_3.9.0.v20140415-2029/scripts/" />
    <property name="user.home" value="C:\Users\342749" />
    <property name="ant.file.type.TestAnt" value="file" />
    <property name="java.specification.vendor" value="Oracle Corporation" />
    <property name="test.dir" value="D:\MyWorkSpaces\GitWS\GitProject\src" />
    <property name="java.library.path" value="D:\Softwares\jdk1.7.0_45\jre\bin;C:\windows\Sun\Java\bin;C:\windows\system32;C:\windows;D:/Softwares/jdk1.7.0_45/bin/../jre/bin/client;D:/Softwares/jdk1.7.0_45/bin/../jre/bin;D:/Softwares/jdk1.7.0_45/bin/../jre/lib/i386;C:\Program Files (x86)\RSA SecurID Token Common;C:\windows\system32;C:\windows;C:\windows\System32\Wbem;C:\windows\System32\WindowsPowerShell\v1.0\;C:\Ruby22-x64\bin;D:\Softwares\jdk1.7.0_45\bin;C:\Users\342749\AppData\Local\Programs\Git\cmd;;D:\Softwares\eclipse;;." />
    <property name="java.vendor.url" value="http://java.oracle.com/" />
    <property name="java.vm.vendor" value="Oracle Corporation" />
    <property name="java.runtime.name" value="Java(TM) SE Runtime Environment" />
    <property name="sun.java.command" value="org.apache.tools.ant.taskdefs.optional.junit.JUnitTestRunner com.test.FlyingTest filtertrace=true haltOnError=false haltOnFailure=true formatter=org.apache.tools.ant.taskdefs.optional.junit.SummaryJUnitResultFormatter showoutput=false outputtoformatters=true logfailedtests=true logtestlistenerevents=false formatter=org.apache.tools.ant.taskdefs.optional.junit.XMLJUnitResultFormatter,D:\MyWorkSpaces\GitWS\GitProject\testreport\TEST-com.test.FlyingTest.xml crashfile=D:\MyWorkSpaces\GitWS\GitProject\junitvmwatcher8766899382134871344.properties propsfile=D:\MyWorkSpaces\GitWS\GitProject\junit9047990126644187773.properties" />
    <property name="java.class.path" value="D:\MyWorkSpaces\GitWS\GitProject\lib\junit.jar;D:\MyWorkSpaces\GitWS\GitProject\lib\org.hamcrest.core_1.3.0.v201303031735.jar;D:\MyWorkSpaces\GitWS\GitProject\bin;D:\Softwares\eclipse\plugins\org.apache.ant_1.9.2.v201404171502\lib\ant-launcher.jar;D:\Softwares\eclipse\plugins\org.apache.ant_1.9.2.v201404171502\lib\ant.jar;D:\Softwares\eclipse\plugins\org.apache.ant_1.9.2.v201404171502\lib\ant-junit.jar;D:\Softwares\eclipse\plugins\org.apache.ant_1.9.2.v201404171502\lib\ant-junit4.jar" />
    <property name="ant.version" value="Apache Ant(TM) version 1.9.2 compiled on July 8 2013" />
    <property name="java.vm.specification.name" value="Java Virtual Machine Specification" />
    <property name="java.vm.specification.version" value="1.7" />
    <property name="sun.cpu.endian" value="little" />
    <property name="sun.os.patch.level" value="Service Pack 1" />
    <property name="eclipse.pdebuild.home" value="/D:/Softwares/eclipse/plugins/org.eclipse.pde.build_3.9.0.v20140415-2029/./" />
    <property name="java.io.tmpdir" value="C:\Users\342749\AppData\Local\Temp\" />
    <property name="java.vendor.url.bug" value="http://bugreport.sun.com/bugreport/" />
    <property name="os.arch" value="x86" />
    <property name="java.awt.graphicsenv" value="sun.awt.Win32GraphicsEnvironment" />
    <property name="java.ext.dirs" value="D:\Softwares\jdk1.7.0_45\jre\lib\ext;C:\windows\Sun\Java\lib\ext" />
    <property name="user.dir" value="D:\MyWorkSpaces\GitWS\GitProject" />
    <property name="line.separator" value="&#xd;&#xa;" />
    <property name="java.vm.name" value="Java HotSpot(TM) Client VM" />
    <property name="basedir" value="D:\MyWorkSpaces\GitWS\GitProject" />
    <property name="ant.java.version" value="1.7" />
    <property name="ant.core.lib" value="D:\Softwares\eclipse\plugins\org.apache.ant_1.9.2.v201404171502\lib\ant.jar" />
    <property name="file.encoding" value="Cp1252" />
    <property name="ant.file.TestAnt" value="D:\MyWorkSpaces\GitWS\GitProject\build.xml" />
    <property name="java.specification.version" value="1.7" />
    <property name="src.dir" value="D:\MyWorkSpaces\GitWS\GitProject\src" />
    <property name="ant.project.invoked-targets" value="main" />
  </properties>
  <testcase classname="com.test.FlyingTest" name="test" time="0.0" />
  <system-out><![CDATA[]]></system-out>
  <system-err><![CDATA[]]></system-err>
</testsuite>
